<<<<<<< HEAD
<<<<<<< HEAD
<<<<<<< HEAD
<<<<<<< HEAD
<<<<<<< HEAD
<<<<<<< HEAD
Deploy complete @ Tue Feb 06 2018 23:35:58 GMT-0500 (EST). added/changed 1 file(s): assets/theme.scss.liquid.
=======
Deploy complete @ Tue Feb 06 2018 23:43:58 GMT-0500 (EST). added/changed 1 file(s): assets/pdo.js.
Deploy complete @ Tue Feb 06 2018 23:44:20 GMT-0500 (EST). added/changed 1 file(s): assets/pdo.js.
Deploy complete @ Tue Feb 06 2018 23:47:28 GMT-0500 (EST). added/changed 1 file(s): assets/pdo.js.
Deploy complete @ Tue Feb 06 2018 23:47:54 GMT-0500 (EST). added/changed 1 file(s): assets/pdo.js.
Deploy complete @ Tue Feb 06 2018 23:49:01 GMT-0500 (EST). added/changed 1 file(s): assets/theme.scss.liquid.
Deploy complete @ Tue Feb 06 2018 23:49:14 GMT-0500 (EST). added/changed 1 file(s): assets/theme.scss.liquid.
Deploy complete @ Tue Feb 06 2018 23:51:09 GMT-0500 (EST). added/changed 1 file(s): assets/theme.scss.liquid.
Deploy complete @ Tue Feb 06 2018 23:52:40 GMT-0500 (EST). added/changed 1 file(s): assets/theme.scss.liquid.
Deploy complete @ Tue Feb 06 2018 23:52:54 GMT-0500 (EST). added/changed 1 file(s): assets/theme.scss.liquid.
Deploy complete @ Tue Feb 06 2018 23:53:37 GMT-0500 (EST). added/changed 1 file(s): assets/theme.scss.liquid.
Deploy complete @ Tue Feb 06 2018 23:54:18 GMT-0500 (EST). added/changed 1 file(s): assets/pdo.js.
Deploy complete @ Tue Feb 06 2018 23:54:35 GMT-0500 (EST). added/changed 1 file(s): assets/pdo.js.
Deploy complete @ Tue Feb 06 2018 23:55:05 GMT-0500 (EST). added/changed 1 file(s): assets/theme.scss.liquid.
Deploy complete @ Tue Feb 06 2018 23:55:17 GMT-0500 (EST). added/changed 1 file(s): assets/theme.scss.liquid.
>>>>>>> dev
=======
Deploy complete @ Wed Feb 07 2018 22:09:45 GMT-0500 (EST). added/changed 1 file(s): assets/theme.scss.liquid.
Deploy complete @ Wed Feb 07 2018 22:11:45 GMT-0500 (EST). added/changed 1 file(s): assets/theme.scss.liquid.
>>>>>>> prod
=======
Deploy complete @ Wed Feb 07 2018 22:18:54 GMT-0500 (EST). added/changed 1 file(s): assets/theme.scss.liquid.
Deploy complete @ Wed Feb 07 2018 22:19:18 GMT-0500 (EST). added/changed 1 file(s): assets/theme.scss.liquid.
>>>>>>> dev
=======
Deploy complete @ Wed Feb 07 2018 23:11:34 GMT-0500 (EST). added/changed 1 file(s): assets/theme.scss.liquid.
Deploy complete @ Wed Feb 07 2018 23:12:09 GMT-0500 (EST). added/changed 1 file(s): assets/theme.scss.liquid.
Deploy complete @ Wed Feb 07 2018 23:12:23 GMT-0500 (EST). added/changed 1 file(s): assets/theme.scss.liquid.
Deploy complete @ Wed Feb 07 2018 23:12:35 GMT-0500 (EST). added/changed 1 file(s): assets/theme.scss.liquid.
>>>>>>> dev
=======
Deploy complete @ Wed Feb 07 2018 23:18:51 GMT-0500 (EST). added/changed 1 file(s): assets/theme.scss.liquid.
Deploy complete @ Wed Feb 07 2018 23:19:42 GMT-0500 (EST). added/changed 1 file(s): assets/theme.scss.liquid.
Deploy complete @ Wed Feb 07 2018 23:19:54 GMT-0500 (EST). added/changed 1 file(s): assets/theme.scss.liquid.
Deploy complete @ Wed Feb 07 2018 23:20:14 GMT-0500 (EST). added/changed 1 file(s): assets/theme.scss.liquid.
Deploy complete @ Wed Feb 07 2018 23:20:54 GMT-0500 (EST). added/changed 1 file(s): assets/theme.scss.liquid.
Deploy complete @ Wed Feb 07 2018 23:21:05 GMT-0500 (EST). added/changed 1 file(s): assets/theme.scss.liquid.
Deploy complete @ Wed Feb 07 2018 23:22:03 GMT-0500 (EST). added/changed 1 file(s): assets/theme.scss.liquid.
>>>>>>> prod
=======
Deploy complete @ Mon Feb 19 2018 17:28:03 GMT-0500 (EST). added/changed 1 file(s): sections/product-template.liquid.
Deploy complete @ Mon Feb 19 2018 17:29:14 GMT-0500 (EST). added/changed 1 file(s): sections/product-template.liquid.
Deploy complete @ Mon Feb 19 2018 17:29:44 GMT-0500 (EST). added/changed 1 file(s): assets/theme.scss.liquid.
Deploy complete @ Mon Feb 19 2018 17:30:45 GMT-0500 (EST). added/changed 1 file(s): assets/pdo.js.
Deploy complete @ Mon Feb 19 2018 17:31:06 GMT-0500 (EST). added/changed 1 file(s): assets/pdo.js.
Deploy complete @ Mon Feb 19 2018 17:31:11 GMT-0500 (EST). added/changed 1 file(s): assets/pdo.js.
Deploy complete @ Mon Feb 19 2018 17:31:40 GMT-0500 (EST). added/changed 1 file(s): assets/pdo.js.
Deploy complete @ Mon Feb 19 2018 17:32:19 GMT-0500 (EST). added/changed 1 file(s): assets/pdo.js.
Deploy complete @ Mon Feb 19 2018 17:32:36 GMT-0500 (EST). added/changed 1 file(s): sections/product-template.liquid.
Deploy complete @ Mon Feb 19 2018 17:33:46 GMT-0500 (EST). added/changed 1 file(s): assets/theme.scss.liquid.
Deploy complete @ Mon Feb 19 2018 17:34:03 GMT-0500 (EST). added/changed 1 file(s): assets/pdo.js.
Deploy complete @ Mon Feb 19 2018 17:35:08 GMT-0500 (EST). added/changed 1 file(s): assets/theme.scss.liquid.
Deploy complete @ Mon Feb 19 2018 17:36:10 GMT-0500 (EST). added/changed 1 file(s): sections/product-template.liquid.
Deploy complete @ Mon Feb 19 2018 17:51:21 GMT-0500 (EST). added/changed 1 file(s): sections/product-template.liquid.
Deploy complete @ Mon Feb 19 2018 17:52:06 GMT-0500 (EST). added/changed 1 file(s): sections/product-template.liquid.
Deploy complete @ Mon Feb 19 2018 17:56:11 GMT-0500 (EST). added/changed 1 file(s): sections/product-template.liquid.
Deploy complete @ Mon Feb 19 2018 17:58:33 GMT-0500 (EST). added/changed 1 file(s): sections/product-template.liquid.
Deploy complete @ Mon Feb 19 2018 17:58:52 GMT-0500 (EST). added/changed 1 file(s): sections/product-template.liquid.
Deploy complete @ Mon Feb 19 2018 18:00:01 GMT-0500 (EST). added/changed 1 file(s): sections/product-template.liquid.
Deploy complete @ Mon Feb 19 2018 18:01:40 GMT-0500 (EST). added/changed 1 file(s): sections/product-template.liquid.
Deploy complete @ Mon Feb 19 2018 18:03:37 GMT-0500 (EST). added/changed 1 file(s): sections/product-template.liquid.
Deploy complete @ Mon Feb 19 2018 18:03:51 GMT-0500 (EST). added/changed 1 file(s): sections/product-template.liquid.
Deploy complete @ Mon Feb 19 2018 18:05:22 GMT-0500 (EST). added/changed 1 file(s): sections/product-template.liquid.
Deploy complete @ Mon Feb 19 2018 18:07:36 GMT-0500 (EST). added/changed 1 file(s): sections/product-template.liquid.
Deploy complete @ Mon Feb 19 2018 18:09:32 GMT-0500 (EST). added/changed 1 file(s): assets/theme.scss.liquid.
Deploy complete @ Mon Feb 19 2018 18:10:03 GMT-0500 (EST). added/changed 1 file(s): assets/pdo.js.
Deploy complete @ Mon Feb 19 2018 18:11:00 GMT-0500 (EST). added/changed 1 file(s): assets/pdo.js.
Deploy complete @ Mon Feb 19 2018 18:15:15 GMT-0500 (EST). added/changed 1 file(s): sections/product-template.liquid.
Deploy complete @ Mon Feb 19 2018 18:15:53 GMT-0500 (EST). added/changed 1 file(s): sections/product-template.liquid.
Deploy complete @ Mon Feb 19 2018 18:17:07 GMT-0500 (EST). added/changed 1 file(s): sections/product-template.liquid.
Deploy complete @ Mon Feb 19 2018 18:18:00 GMT-0500 (EST). added/changed 1 file(s): assets/pdo.js.
Deploy complete @ Mon Feb 19 2018 18:19:12 GMT-0500 (EST). added/changed 1 file(s): sections/product-template.liquid.
Deploy complete @ Mon Feb 19 2018 18:19:31 GMT-0500 (EST). added/changed 1 file(s): assets/theme.scss.liquid.
Deploy complete @ Mon Feb 19 2018 18:25:16 GMT-0500 (EST). added/changed 1 file(s): sections/product-template.liquid.
Deploy complete @ Mon Feb 19 2018 18:25:45 GMT-0500 (EST). added/changed 1 file(s): assets/pdo.js.
Deploy complete @ Mon Feb 19 2018 18:26:07 GMT-0500 (EST). added/changed 1 file(s): assets/pdo.js.
Deploy complete @ Mon Feb 19 2018 18:27:38 GMT-0500 (EST). added/changed 1 file(s): assets/theme.scss.liquid.
Deploy complete @ Mon Feb 19 2018 18:28:18 GMT-0500 (EST). added/changed 1 file(s): assets/theme.scss.liquid.
Deploy complete @ Mon Feb 19 2018 18:29:19 GMT-0500 (EST). added/changed 1 file(s): assets/pdo.js.
Deploy complete @ Mon Feb 19 2018 18:29:28 GMT-0500 (EST). added/changed 1 file(s): assets/theme.scss.liquid.
>>>>>>> dev
